Determining if the pthread_create exist failed with the following output:
Change Dir: /home/zhangmx/Wonderland/lib/Galois-2.2.1/build/CMakeFiles/CMakeTmp

Run Build Command:/usr/bin/make "cmTryCompileExec3540503205/fast"
/usr/bin/make -f CMakeFiles/cmTryCompileExec3540503205.dir/build.make CMakeFiles/cmTryCompileExec3540503205.dir/build
make[1]: Entering directory `/home/zhangmx/Wonderland/lib/Galois-2.2.1/build/CMakeFiles/CMakeTmp'
/usr/bin/cmake -E cmake_progress_report /home/zhangmx/Wonderland/lib/Galois-2.2.1/build/CMakeFiles/CMakeTmp/CMakeFiles 1
Building C object CMakeFiles/cmTryCompileExec3540503205.dir/CheckSymbolExists.c.o
/usr/bin/cc   -g    -o CMakeFiles/cmTryCompileExec3540503205.dir/CheckSymbolExists.c.o   -c /home/zhangmx/Wonderland/lib/Galois-2.2.1/build/CMakeFiles/CMakeTmp/CheckSymbolExists.c
Linking C executable cmTryCompileExec3540503205
/usr/bin/cmake -E cmake_link_script CMakeFiles/cmTryCompileExec3540503205.dir/link.txt --verbose=1
/usr/bin/cc   -g     CMakeFiles/cmTryCompileExec3540503205.dir/CheckSymbolExists.c.o  -o cmTryCompileExec3540503205 -rdynamic 
/home/zhangmx/Wonderland/lib/Galois-2.2.1/build/CMakeFiles/CMakeTmp/CheckSymbolExists.c:8: error: undefined reference to 'pthread_create'
collect2: error: ld returned 1 exit status
make[1]: *** [cmTryCompileExec3540503205] Error 1
make[1]: Leaving directory `/home/zhangmx/Wonderland/lib/Galois-2.2.1/build/CMakeFiles/CMakeTmp'
make: *** [cmTryCompileExec3540503205/fast] Error 2

File /home/zhangmx/Wonderland/lib/Galois-2.2.1/build/CMakeFiles/CMakeTmp/CheckSymbolExists.c:
/* */
#include <pthread.h>

int main(int argc, char** argv)
{
  (void)argv;
#ifndef pthread_create
  return ((int*)(&pthread_create))[argc];
#else
  (void)argc;
  return 0;
#endif
}

Determining if the function pthread_create exists in the pthreads failed with the following output:
Change Dir: /home/zhangmx/Wonderland/lib/Galois-2.2.1/build/CMakeFiles/CMakeTmp

Run Build Command:/usr/bin/make "cmTryCompileExec2352389277/fast"
/usr/bin/make -f CMakeFiles/cmTryCompileExec2352389277.dir/build.make CMakeFiles/cmTryCompileExec2352389277.dir/build
make[1]: Entering directory `/home/zhangmx/Wonderland/lib/Galois-2.2.1/build/CMakeFiles/CMakeTmp'
/usr/bin/cmake -E cmake_progress_report /home/zhangmx/Wonderland/lib/Galois-2.2.1/build/CMakeFiles/CMakeTmp/CMakeFiles 1
Building C object CMakeFiles/cmTryCompileExec2352389277.dir/CheckFunctionExists.c.o
/usr/bin/cc   -g -DCHECK_FUNCTION_EXISTS=pthread_create   -o CMakeFiles/cmTryCompileExec2352389277.dir/CheckFunctionExists.c.o   -c /usr/share/cmake-2.8/Modules/CheckFunctionExists.c
Linking C executable cmTryCompileExec2352389277
/usr/bin/cmake -E cmake_link_script CMakeFiles/cmTryCompileExec2352389277.dir/link.txt --verbose=1
/usr/bin/cc   -g -DCHECK_FUNCTION_EXISTS=pthread_create    CMakeFiles/cmTryCompileExec2352389277.dir/CheckFunctionExists.c.o  -o cmTryCompileExec2352389277 -rdynamic -lpthreads 
/usr/bin/ld: error: cannot find -lpthreads
/usr/share/cmake-2.8/Modules/CheckFunctionExists.c:11: error: undefined reference to 'pthread_create'
collect2: error: ld returned 1 exit status
make[1]: *** [cmTryCompileExec2352389277] Error 1
make[1]: Leaving directory `/home/zhangmx/Wonderland/lib/Galois-2.2.1/build/CMakeFiles/CMakeTmp'
make: *** [cmTryCompileExec2352389277/fast] Error 2


Performing C++ SOURCE FILE Test HAVE_CILK failed with the following output:
Change Dir: /home/zhangmx/Wonderland/lib/Galois-2.2.1/build/CMakeFiles/CMakeTmp

Run Build Command:/usr/bin/make "cmTryCompileExec2135543218/fast"
/usr/bin/make -f CMakeFiles/cmTryCompileExec2135543218.dir/build.make CMakeFiles/cmTryCompileExec2135543218.dir/build
make[1]: Entering directory `/home/zhangmx/Wonderland/lib/Galois-2.2.1/build/CMakeFiles/CMakeTmp'
/usr/bin/cmake -E cmake_progress_report /home/zhangmx/Wonderland/lib/Galois-2.2.1/build/CMakeFiles/CMakeTmp/CMakeFiles 1
Building CXX object CMakeFiles/cmTryCompileExec2135543218.dir/src.cxx.o
/usr/bin/c++    -g -march=native -DHAVE_CILK   -o CMakeFiles/cmTryCompileExec2135543218.dir/src.cxx.o -c /home/zhangmx/Wonderland/lib/Galois-2.2.1/build/CMakeFiles/CMakeTmp/src.cxx
/home/zhangmx/Wonderland/lib/Galois-2.2.1/build/CMakeFiles/CMakeTmp/src.cxx:2:23: fatal error: cilk/cilk.h: No such file or directory
 #include <cilk/cilk.h>
                       ^
compilation terminated.
make[1]: *** [CMakeFiles/cmTryCompileExec2135543218.dir/src.cxx.o] Error 1
make[1]: Leaving directory `/home/zhangmx/Wonderland/lib/Galois-2.2.1/build/CMakeFiles/CMakeTmp'
make: *** [cmTryCompileExec2135543218/fast] Error 2

Source file was:

#include <cilk/cilk.h>
int main(){ cilk_for(int i=0;i<1; ++i); }

Performing C++ SOURCE FILE Test CXX11_FLAG_DETECTED failed with the following output:
Change Dir: /home/zhangmx/Wonderland/lib/Galois-2.2.1/build/CMakeFiles/CMakeTmp

Run Build Command:/usr/bin/make "cmTryCompileExec2180565151/fast"
/usr/bin/make -f CMakeFiles/cmTryCompileExec2180565151.dir/build.make CMakeFiles/cmTryCompileExec2180565151.dir/build
make[1]: Entering directory `/home/zhangmx/Wonderland/lib/Galois-2.2.1/build/CMakeFiles/CMakeTmp'
/usr/bin/cmake -E cmake_progress_report /home/zhangmx/Wonderland/lib/Galois-2.2.1/build/CMakeFiles/CMakeTmp/CMakeFiles 1
Building CXX object CMakeFiles/cmTryCompileExec2180565151.dir/src.cxx.o
/usr/bin/c++    -g -march=native -DCXX11_FLAG_DETECTED   -qlanglvl=extended0x -o CMakeFiles/cmTryCompileExec2180565151.dir/src.cxx.o -c /home/zhangmx/Wonderland/lib/Galois-2.2.1/build/CMakeFiles/CMakeTmp/src.cxx
c++: error: unrecognized command line option '-qlanglvl=extended0x'
make[1]: *** [CMakeFiles/cmTryCompileExec2180565151.dir/src.cxx.o] Error 1
make[1]: Leaving directory `/home/zhangmx/Wonderland/lib/Galois-2.2.1/build/CMakeFiles/CMakeTmp'
make: *** [cmTryCompileExec2180565151/fast] Error 2

Source file was:
int main() { return 0;}
Determining if the system is big endian passed with the following output:
Change Dir: /home/zhangmx/Wonderland/lib/Galois-2.2.1/build/CMakeFiles/CMakeTmp

Run Build Command:/usr/bin/make "cmTryCompileExec3166015568/fast"
/usr/bin/make -f CMakeFiles/cmTryCompileExec3166015568.dir/build.make CMakeFiles/cmTryCompileExec3166015568.dir/build
make[1]: Entering directory `/home/zhangmx/Wonderland/lib/Galois-2.2.1/build/CMakeFiles/CMakeTmp'
/usr/bin/cmake -E cmake_progress_report /home/zhangmx/Wonderland/lib/Galois-2.2.1/build/CMakeFiles/CMakeTmp/CMakeFiles 1
Building C object CMakeFiles/cmTryCompileExec3166015568.dir/TestEndianess.c.o
/usr/bin/cc   -g    -o CMakeFiles/cmTryCompileExec3166015568.dir/TestEndianess.c.o   -c /home/zhangmx/Wonderland/lib/Galois-2.2.1/build/CMakeFiles/CMakeTmp/TestEndianess.c
Linking C executable cmTryCompileExec3166015568
/usr/bin/cmake -E cmake_link_script CMakeFiles/cmTryCompileExec3166015568.dir/link.txt --verbose=1
/usr/bin/cc   -g     CMakeFiles/cmTryCompileExec3166015568.dir/TestEndianess.c.o  -o cmTryCompileExec3166015568 -rdynamic 
make[1]: Leaving directory `/home/zhangmx/Wonderland/lib/Galois-2.2.1/build/CMakeFiles/CMakeTmp'

TestEndianess.c:
/* A 16 bit integer is required. */
typedef unsigned short cmakeint16;

/* On a little endian machine, these 16bit ints will give "THIS IS LITTLE ENDIAN."
   On a big endian machine the characters will be exchanged pairwise. */
const cmakeint16 info_little[] =  {0x4854, 0x5349, 0x4920, 0x2053, 0x494c, 0x5454, 0x454c, 0x4520, 0x444e, 0x4149, 0x2e4e, 0x0000};

/* on a big endian machine, these 16bit ints will give "THIS IS BIG ENDIAN."
   On a little endian machine the characters will be exchanged pairwise. */
const cmakeint16 info_big[] =     {0x5448, 0x4953, 0x2049, 0x5320, 0x4249, 0x4720, 0x454e, 0x4449, 0x414e, 0x2e2e, 0x0000};

#ifdef __CLASSIC_C__
int main(argc, argv) int argc; char *argv[];
#else
int main(int argc, char *argv[])
#endif
{
  int require = 0;
  require += info_little[argc];
  require += info_big[argc];
  (void)argv;
  return require;
}


Determining if the include file dl.h exists failed with the following output:
Change Dir: /home/zhangmx/Wonderland/lib/Galois-2.2.1/build/CMakeFiles/CMakeTmp

Run Build Command:/usr/bin/make "cmTryCompileExec697313025/fast"
/usr/bin/make -f CMakeFiles/cmTryCompileExec697313025.dir/build.make CMakeFiles/cmTryCompileExec697313025.dir/build
make[1]: Entering directory `/home/zhangmx/Wonderland/lib/Galois-2.2.1/build/CMakeFiles/CMakeTmp'
/usr/bin/cmake -E cmake_progress_report /home/zhangmx/Wonderland/lib/Galois-2.2.1/build/CMakeFiles/CMakeTmp/CMakeFiles 1
Building C object CMakeFiles/cmTryCompileExec697313025.dir/CheckIncludeFile.c.o
/usr/bin/cc   -g    -o CMakeFiles/cmTryCompileExec697313025.dir/CheckIncludeFile.c.o   -c /home/zhangmx/Wonderland/lib/Galois-2.2.1/build/CMakeFiles/CMakeTmp/CheckIncludeFile.c
/home/zhangmx/Wonderland/lib/Galois-2.2.1/build/CMakeFiles/CMakeTmp/CheckIncludeFile.c:1:16: fatal error: dl.h: No such file or directory
 #include <dl.h>
                ^
compilation terminated.
make[1]: *** [CMakeFiles/cmTryCompileExec697313025.dir/CheckIncludeFile.c.o] Error 1
make[1]: Leaving directory `/home/zhangmx/Wonderland/lib/Galois-2.2.1/build/CMakeFiles/CMakeTmp'
make: *** [cmTryCompileExec697313025/fast] Error 2


Determining if the include file dld.h exists failed with the following output:
Change Dir: /home/zhangmx/Wonderland/lib/Galois-2.2.1/build/CMakeFiles/CMakeTmp

Run Build Command:/usr/bin/make "cmTryCompileExec535476348/fast"
/usr/bin/make -f CMakeFiles/cmTryCompileExec535476348.dir/build.make CMakeFiles/cmTryCompileExec535476348.dir/build
make[1]: Entering directory `/home/zhangmx/Wonderland/lib/Galois-2.2.1/build/CMakeFiles/CMakeTmp'
/usr/bin/cmake -E cmake_progress_report /home/zhangmx/Wonderland/lib/Galois-2.2.1/build/CMakeFiles/CMakeTmp/CMakeFiles 1
Building C object CMakeFiles/cmTryCompileExec535476348.dir/CheckIncludeFile.c.o
/usr/bin/cc   -g    -o CMakeFiles/cmTryCompileExec535476348.dir/CheckIncludeFile.c.o   -c /home/zhangmx/Wonderland/lib/Galois-2.2.1/build/CMakeFiles/CMakeTmp/CheckIncludeFile.c
/home/zhangmx/Wonderland/lib/Galois-2.2.1/build/CMakeFiles/CMakeTmp/CheckIncludeFile.c:1:17: fatal error: dld.h: No such file or directory
 #include <dld.h>
                 ^
compilation terminated.
make[1]: *** [CMakeFiles/cmTryCompileExec535476348.dir/CheckIncludeFile.c.o] Error 1
make[1]: Leaving directory `/home/zhangmx/Wonderland/lib/Galois-2.2.1/build/CMakeFiles/CMakeTmp'
make: *** [cmTryCompileExec535476348/fast] Error 2


Determining if the include file malloc/malloc.h exists failed with the following output:
Change Dir: /home/zhangmx/Wonderland/lib/Galois-2.2.1/build/CMakeFiles/CMakeTmp

Run Build Command:/usr/bin/make "cmTryCompileExec3196939724/fast"
/usr/bin/make -f CMakeFiles/cmTryCompileExec3196939724.dir/build.make CMakeFiles/cmTryCompileExec3196939724.dir/build
make[1]: Entering directory `/home/zhangmx/Wonderland/lib/Galois-2.2.1/build/CMakeFiles/CMakeTmp'
/usr/bin/cmake -E cmake_progress_report /home/zhangmx/Wonderland/lib/Galois-2.2.1/build/CMakeFiles/CMakeTmp/CMakeFiles 1
Building C object CMakeFiles/cmTryCompileExec3196939724.dir/CheckIncludeFile.c.o
/usr/bin/cc   -g    -o CMakeFiles/cmTryCompileExec3196939724.dir/CheckIncludeFile.c.o   -c /home/zhangmx/Wonderland/lib/Galois-2.2.1/build/CMakeFiles/CMakeTmp/CheckIncludeFile.c
/home/zhangmx/Wonderland/lib/Galois-2.2.1/build/CMakeFiles/CMakeTmp/CheckIncludeFile.c:1:27: fatal error: malloc/malloc.h: No such file or directory
 #include <malloc/malloc.h>
                           ^
compilation terminated.
make[1]: *** [CMakeFiles/cmTryCompileExec3196939724.dir/CheckIncludeFile.c.o] Error 1
make[1]: Leaving directory `/home/zhangmx/Wonderland/lib/Galois-2.2.1/build/CMakeFiles/CMakeTmp'
make: *** [cmTryCompileExec3196939724/fast] Error 2


Determining if the include file ndir.h exists failed with the following output:
Change Dir: /home/zhangmx/Wonderland/lib/Galois-2.2.1/build/CMakeFiles/CMakeTmp

Run Build Command:/usr/bin/make "cmTryCompileExec1492099764/fast"
/usr/bin/make -f CMakeFiles/cmTryCompileExec1492099764.dir/build.make CMakeFiles/cmTryCompileExec1492099764.dir/build
make[1]: Entering directory `/home/zhangmx/Wonderland/lib/Galois-2.2.1/build/CMakeFiles/CMakeTmp'
/usr/bin/cmake -E cmake_progress_report /home/zhangmx/Wonderland/lib/Galois-2.2.1/build/CMakeFiles/CMakeTmp/CMakeFiles 1
Building C object CMakeFiles/cmTryCompileExec1492099764.dir/CheckIncludeFile.c.o
/usr/bin/cc   -g    -o CMakeFiles/cmTryCompileExec1492099764.dir/CheckIncludeFile.c.o   -c /home/zhangmx/Wonderland/lib/Galois-2.2.1/build/CMakeFiles/CMakeTmp/CheckIncludeFile.c
/home/zhangmx/Wonderland/lib/Galois-2.2.1/build/CMakeFiles/CMakeTmp/CheckIncludeFile.c:1:18: fatal error: ndir.h: No such file or directory
 #include <ndir.h>
                  ^
compilation terminated.
make[1]: *** [CMakeFiles/cmTryCompileExec1492099764.dir/CheckIncludeFile.c.o] Error 1
make[1]: Leaving directory `/home/zhangmx/Wonderland/lib/Galois-2.2.1/build/CMakeFiles/CMakeTmp'
make: *** [cmTryCompileExec1492099764/fast] Error 2


Determining if the include file sys/dl.h exists failed with the following output:
Change Dir: /home/zhangmx/Wonderland/lib/Galois-2.2.1/build/CMakeFiles/CMakeTmp

Run Build Command:/usr/bin/make "cmTryCompileExec2851330780/fast"
/usr/bin/make -f CMakeFiles/cmTryCompileExec2851330780.dir/build.make CMakeFiles/cmTryCompileExec2851330780.dir/build
make[1]: Entering directory `/home/zhangmx/Wonderland/lib/Galois-2.2.1/build/CMakeFiles/CMakeTmp'
/usr/bin/cmake -E cmake_progress_report /home/zhangmx/Wonderland/lib/Galois-2.2.1/build/CMakeFiles/CMakeTmp/CMakeFiles 1
Building C object CMakeFiles/cmTryCompileExec2851330780.dir/CheckIncludeFile.c.o
/usr/bin/cc   -g    -o CMakeFiles/cmTryCompileExec2851330780.dir/CheckIncludeFile.c.o   -c /home/zhangmx/Wonderland/lib/Galois-2.2.1/build/CMakeFiles/CMakeTmp/CheckIncludeFile.c
/home/zhangmx/Wonderland/lib/Galois-2.2.1/build/CMakeFiles/CMakeTmp/CheckIncludeFile.c:1:20: fatal error: sys/dl.h: No such file or directory
 #include <sys/dl.h>
                    ^
compilation terminated.
make[1]: *** [CMakeFiles/cmTryCompileExec2851330780.dir/CheckIncludeFile.c.o] Error 1
make[1]: Leaving directory `/home/zhangmx/Wonderland/lib/Galois-2.2.1/build/CMakeFiles/CMakeTmp'
make: *** [cmTryCompileExec2851330780/fast] Error 2


Determining if the include file sys/ndir.h exists failed with the following output:
Change Dir: /home/zhangmx/Wonderland/lib/Galois-2.2.1/build/CMakeFiles/CMakeTmp

Run Build Command:/usr/bin/make "cmTryCompileExec3883976863/fast"
/usr/bin/make -f CMakeFiles/cmTryCompileExec3883976863.dir/build.make CMakeFiles/cmTryCompileExec3883976863.dir/build
make[1]: Entering directory `/home/zhangmx/Wonderland/lib/Galois-2.2.1/build/CMakeFiles/CMakeTmp'
/usr/bin/cmake -E cmake_progress_report /home/zhangmx/Wonderland/lib/Galois-2.2.1/build/CMakeFiles/CMakeTmp/CMakeFiles 1
Building C object CMakeFiles/cmTryCompileExec3883976863.dir/CheckIncludeFile.c.o
/usr/bin/cc   -g    -o CMakeFiles/cmTryCompileExec3883976863.dir/CheckIncludeFile.c.o   -c /home/zhangmx/Wonderland/lib/Galois-2.2.1/build/CMakeFiles/CMakeTmp/CheckIncludeFile.c
/home/zhangmx/Wonderland/lib/Galois-2.2.1/build/CMakeFiles/CMakeTmp/CheckIncludeFile.c:1:22: fatal error: sys/ndir.h: No such file or directory
 #include <sys/ndir.h>
                      ^
compilation terminated.
make[1]: *** [CMakeFiles/cmTryCompileExec3883976863.dir/CheckIncludeFile.c.o] Error 1
make[1]: Leaving directory `/home/zhangmx/Wonderland/lib/Galois-2.2.1/build/CMakeFiles/CMakeTmp'
make: *** [cmTryCompileExec3883976863/fast] Error 2


Determining if the include file windows.h exists failed with the following output:
Change Dir: /home/zhangmx/Wonderland/lib/Galois-2.2.1/build/CMakeFiles/CMakeTmp

Run Build Command:/usr/bin/make "cmTryCompileExec425427500/fast"
/usr/bin/make -f CMakeFiles/cmTryCompileExec425427500.dir/build.make CMakeFiles/cmTryCompileExec425427500.dir/build
make[1]: Entering directory `/home/zhangmx/Wonderland/lib/Galois-2.2.1/build/CMakeFiles/CMakeTmp'
/usr/bin/cmake -E cmake_progress_report /home/zhangmx/Wonderland/lib/Galois-2.2.1/build/CMakeFiles/CMakeTmp/CMakeFiles 1
Building C object CMakeFiles/cmTryCompileExec425427500.dir/CheckIncludeFile.c.o
/usr/bin/cc   -g    -o CMakeFiles/cmTryCompileExec425427500.dir/CheckIncludeFile.c.o   -c /home/zhangmx/Wonderland/lib/Galois-2.2.1/build/CMakeFiles/CMakeTmp/CheckIncludeFile.c
/home/zhangmx/Wonderland/lib/Galois-2.2.1/build/CMakeFiles/CMakeTmp/CheckIncludeFile.c:1:21: fatal error: windows.h: No such file or directory
 #include <windows.h>
                     ^
compilation terminated.
make[1]: *** [CMakeFiles/cmTryCompileExec425427500.dir/CheckIncludeFile.c.o] Error 1
make[1]: Leaving directory `/home/zhangmx/Wonderland/lib/Galois-2.2.1/build/CMakeFiles/CMakeTmp'
make: *** [cmTryCompileExec425427500/fast] Error 2


Determining if the include file mach/mach.h exists failed with the following output:
Change Dir: /home/zhangmx/Wonderland/lib/Galois-2.2.1/build/CMakeFiles/CMakeTmp

Run Build Command:/usr/bin/make "cmTryCompileExec1051476382/fast"
/usr/bin/make -f CMakeFiles/cmTryCompileExec1051476382.dir/build.make CMakeFiles/cmTryCompileExec1051476382.dir/build
make[1]: Entering directory `/home/zhangmx/Wonderland/lib/Galois-2.2.1/build/CMakeFiles/CMakeTmp'
/usr/bin/cmake -E cmake_progress_report /home/zhangmx/Wonderland/lib/Galois-2.2.1/build/CMakeFiles/CMakeTmp/CMakeFiles 1
Building C object CMakeFiles/cmTryCompileExec1051476382.dir/CheckIncludeFile.c.o
/usr/bin/cc   -g    -o CMakeFiles/cmTryCompileExec1051476382.dir/CheckIncludeFile.c.o   -c /home/zhangmx/Wonderland/lib/Galois-2.2.1/build/CMakeFiles/CMakeTmp/CheckIncludeFile.c
/home/zhangmx/Wonderland/lib/Galois-2.2.1/build/CMakeFiles/CMakeTmp/CheckIncludeFile.c:1:23: fatal error: mach/mach.h: No such file or directory
 #include <mach/mach.h>
                       ^
compilation terminated.
make[1]: *** [CMakeFiles/cmTryCompileExec1051476382.dir/CheckIncludeFile.c.o] Error 1
make[1]: Leaving directory `/home/zhangmx/Wonderland/lib/Galois-2.2.1/build/CMakeFiles/CMakeTmp'
make: *** [cmTryCompileExec1051476382/fast] Error 2


Determining if the include file mach-o/dyld.h exists failed with the following output:
Change Dir: /home/zhangmx/Wonderland/lib/Galois-2.2.1/build/CMakeFiles/CMakeTmp

Run Build Command:/usr/bin/make "cmTryCompileExec826624909/fast"
/usr/bin/make -f CMakeFiles/cmTryCompileExec826624909.dir/build.make CMakeFiles/cmTryCompileExec826624909.dir/build
make[1]: Entering directory `/home/zhangmx/Wonderland/lib/Galois-2.2.1/build/CMakeFiles/CMakeTmp'
/usr/bin/cmake -E cmake_progress_report /home/zhangmx/Wonderland/lib/Galois-2.2.1/build/CMakeFiles/CMakeTmp/CMakeFiles 1
Building C object CMakeFiles/cmTryCompileExec826624909.dir/CheckIncludeFile.c.o
/usr/bin/cc   -g    -o CMakeFiles/cmTryCompileExec826624909.dir/CheckIncludeFile.c.o   -c /home/zhangmx/Wonderland/lib/Galois-2.2.1/build/CMakeFiles/CMakeTmp/CheckIncludeFile.c
/home/zhangmx/Wonderland/lib/Galois-2.2.1/build/CMakeFiles/CMakeTmp/CheckIncludeFile.c:1:25: fatal error: mach-o/dyld.h: No such file or directory
 #include <mach-o/dyld.h>
                         ^
compilation terminated.
make[1]: *** [CMakeFiles/cmTryCompileExec826624909.dir/CheckIncludeFile.c.o] Error 1
make[1]: Leaving directory `/home/zhangmx/Wonderland/lib/Galois-2.2.1/build/CMakeFiles/CMakeTmp'
make: *** [cmTryCompileExec826624909/fast] Error 2


Determining if the isinf exist failed with the following output:
Change Dir: /home/zhangmx/Wonderland/lib/Galois-2.2.1/build/CMakeFiles/CMakeTmp

Run Build Command:/usr/bin/make "cmTryCompileExec4279172671/fast"
/usr/bin/make -f CMakeFiles/cmTryCompileExec4279172671.dir/build.make CMakeFiles/cmTryCompileExec4279172671.dir/build
make[1]: Entering directory `/home/zhangmx/Wonderland/lib/Galois-2.2.1/build/CMakeFiles/CMakeTmp'
/usr/bin/cmake -E cmake_progress_report /home/zhangmx/Wonderland/lib/Galois-2.2.1/build/CMakeFiles/CMakeTmp/CMakeFiles 1
Building C object CMakeFiles/cmTryCompileExec4279172671.dir/CheckSymbolExists.c.o
/usr/bin/cc   -g    -o CMakeFiles/cmTryCompileExec4279172671.dir/CheckSymbolExists.c.o   -c /home/zhangmx/Wonderland/lib/Galois-2.2.1/build/CMakeFiles/CMakeTmp/CheckSymbolExists.c
/home/zhangmx/Wonderland/lib/Galois-2.2.1/build/CMakeFiles/CMakeTmp/CheckSymbolExists.c:2:17: fatal error: cmath: No such file or directory
 #include <cmath>
                 ^
compilation terminated.
make[1]: *** [CMakeFiles/cmTryCompileExec4279172671.dir/CheckSymbolExists.c.o] Error 1
make[1]: Leaving directory `/home/zhangmx/Wonderland/lib/Galois-2.2.1/build/CMakeFiles/CMakeTmp'
make: *** [cmTryCompileExec4279172671/fast] Error 2

File /home/zhangmx/Wonderland/lib/Galois-2.2.1/build/CMakeFiles/CMakeTmp/CheckSymbolExists.c:
/* */
#include <cmath>

int main(int argc, char** argv)
{
  (void)argv;
#ifndef isinf
  return ((int*)(&isinf))[argc];
#else
  (void)argc;
  return 0;
#endif
}

Determining if the finite exist failed with the following output:
Change Dir: /home/zhangmx/Wonderland/lib/Galois-2.2.1/build/CMakeFiles/CMakeTmp

Run Build Command:/usr/bin/make "cmTryCompileExec4025048346/fast"
/usr/bin/make -f CMakeFiles/cmTryCompileExec4025048346.dir/build.make CMakeFiles/cmTryCompileExec4025048346.dir/build
make[1]: Entering directory `/home/zhangmx/Wonderland/lib/Galois-2.2.1/build/CMakeFiles/CMakeTmp'
/usr/bin/cmake -E cmake_progress_report /home/zhangmx/Wonderland/lib/Galois-2.2.1/build/CMakeFiles/CMakeTmp/CMakeFiles 1
Building C object CMakeFiles/cmTryCompileExec4025048346.dir/CheckSymbolExists.c.o
/usr/bin/cc   -g    -o CMakeFiles/cmTryCompileExec4025048346.dir/CheckSymbolExists.c.o   -c /home/zhangmx/Wonderland/lib/Galois-2.2.1/build/CMakeFiles/CMakeTmp/CheckSymbolExists.c
/home/zhangmx/Wonderland/lib/Galois-2.2.1/build/CMakeFiles/CMakeTmp/CheckSymbolExists.c:2:20: fatal error: ieeefp.h: No such file or directory
 #include <ieeefp.h>
                    ^
compilation terminated.
make[1]: *** [CMakeFiles/cmTryCompileExec4025048346.dir/CheckSymbolExists.c.o] Error 1
make[1]: Leaving directory `/home/zhangmx/Wonderland/lib/Galois-2.2.1/build/CMakeFiles/CMakeTmp'
make: *** [cmTryCompileExec4025048346/fast] Error 2

File /home/zhangmx/Wonderland/lib/Galois-2.2.1/build/CMakeFiles/CMakeTmp/CheckSymbolExists.c:
/* */
#include <ieeefp.h>

int main(int argc, char** argv)
{
  (void)argv;
#ifndef finite
  return ((int*)(&finite))[argc];
#else
  (void)argc;
  return 0;
#endif
}

Determining if the isnan exist failed with the following output:
Change Dir: /home/zhangmx/Wonderland/lib/Galois-2.2.1/build/CMakeFiles/CMakeTmp

Run Build Command:/usr/bin/make "cmTryCompileExec3899886567/fast"
/usr/bin/make -f CMakeFiles/cmTryCompileExec3899886567.dir/build.make CMakeFiles/cmTryCompileExec3899886567.dir/build
make[1]: Entering directory `/home/zhangmx/Wonderland/lib/Galois-2.2.1/build/CMakeFiles/CMakeTmp'
/usr/bin/cmake -E cmake_progress_report /home/zhangmx/Wonderland/lib/Galois-2.2.1/build/CMakeFiles/CMakeTmp/CMakeFiles 1
Building C object CMakeFiles/cmTryCompileExec3899886567.dir/CheckSymbolExists.c.o
/usr/bin/cc   -g    -o CMakeFiles/cmTryCompileExec3899886567.dir/CheckSymbolExists.c.o   -c /home/zhangmx/Wonderland/lib/Galois-2.2.1/build/CMakeFiles/CMakeTmp/CheckSymbolExists.c
/home/zhangmx/Wonderland/lib/Galois-2.2.1/build/CMakeFiles/CMakeTmp/CheckSymbolExists.c:2:17: fatal error: cmath: No such file or directory
 #include <cmath>
                 ^
compilation terminated.
make[1]: *** [CMakeFiles/cmTryCompileExec3899886567.dir/CheckSymbolExists.c.o] Error 1
make[1]: Leaving directory `/home/zhangmx/Wonderland/lib/Galois-2.2.1/build/CMakeFiles/CMakeTmp'
make: *** [cmTryCompileExec3899886567/fast] Error 2

File /home/zhangmx/Wonderland/lib/Galois-2.2.1/build/CMakeFiles/CMakeTmp/CheckSymbolExists.c:
/* */
#include <cmath>

int main(int argc, char** argv)
{
  (void)argv;
#ifndef isnan
  return ((int*)(&isnan))[argc];
#else
  (void)argc;
  return 0;
#endif
}

Determining if the malloc_zone_statistics exist failed with the following output:
Change Dir: /home/zhangmx/Wonderland/lib/Galois-2.2.1/build/CMakeFiles/CMakeTmp

Run Build Command:/usr/bin/make "cmTryCompileExec576980911/fast"
/usr/bin/make -f CMakeFiles/cmTryCompileExec576980911.dir/build.make CMakeFiles/cmTryCompileExec576980911.dir/build
make[1]: Entering directory `/home/zhangmx/Wonderland/lib/Galois-2.2.1/build/CMakeFiles/CMakeTmp'
/usr/bin/cmake -E cmake_progress_report /home/zhangmx/Wonderland/lib/Galois-2.2.1/build/CMakeFiles/CMakeTmp/CMakeFiles 1
Building C object CMakeFiles/cmTryCompileExec576980911.dir/CheckSymbolExists.c.o
/usr/bin/cc   -g    -o CMakeFiles/cmTryCompileExec576980911.dir/CheckSymbolExists.c.o   -c /home/zhangmx/Wonderland/lib/Galois-2.2.1/build/CMakeFiles/CMakeTmp/CheckSymbolExists.c
/home/zhangmx/Wonderland/lib/Galois-2.2.1/build/CMakeFiles/CMakeTmp/CheckSymbolExists.c:2:27: fatal error: malloc/malloc.h: No such file or directory
 #include <malloc/malloc.h>
                           ^
compilation terminated.
make[1]: *** [CMakeFiles/cmTryCompileExec576980911.dir/CheckSymbolExists.c.o] Error 1
make[1]: Leaving directory `/home/zhangmx/Wonderland/lib/Galois-2.2.1/build/CMakeFiles/CMakeTmp'
make: *** [cmTryCompileExec576980911/fast] Error 2

File /home/zhangmx/Wonderland/lib/Galois-2.2.1/build/CMakeFiles/CMakeTmp/CheckSymbolExists.c:
/* */
#include <malloc/malloc.h>

int main(int argc, char** argv)
{
  (void)argv;
#ifndef malloc_zone_statistics
  return ((int*)(&malloc_zone_statistics))[argc];
#else
  (void)argc;
  return 0;
#endif
}

Determining if the strerror_s exist failed with the following output:
Change Dir: /home/zhangmx/Wonderland/lib/Galois-2.2.1/build/CMakeFiles/CMakeTmp

Run Build Command:/usr/bin/make "cmTryCompileExec3710683279/fast"
/usr/bin/make -f CMakeFiles/cmTryCompileExec3710683279.dir/build.make CMakeFiles/cmTryCompileExec3710683279.dir/build
make[1]: Entering directory `/home/zhangmx/Wonderland/lib/Galois-2.2.1/build/CMakeFiles/CMakeTmp'
/usr/bin/cmake -E cmake_progress_report /home/zhangmx/Wonderland/lib/Galois-2.2.1/build/CMakeFiles/CMakeTmp/CMakeFiles 1
Building C object CMakeFiles/cmTryCompileExec3710683279.dir/CheckSymbolExists.c.o
/usr/bin/cc   -g    -o CMakeFiles/cmTryCompileExec3710683279.dir/CheckSymbolExists.c.o   -c /home/zhangmx/Wonderland/lib/Galois-2.2.1/build/CMakeFiles/CMakeTmp/CheckSymbolExists.c
/home/zhangmx/Wonderland/lib/Galois-2.2.1/build/CMakeFiles/CMakeTmp/CheckSymbolExists.c: In function 'main':
/home/zhangmx/Wonderland/lib/Galois-2.2.1/build/CMakeFiles/CMakeTmp/CheckSymbolExists.c:8:19: error: 'strerror_s' undeclared (first use in this function)
   return ((int*)(&strerror_s))[argc];
                   ^
/home/zhangmx/Wonderland/lib/Galois-2.2.1/build/CMakeFiles/CMakeTmp/CheckSymbolExists.c:8:19: note: each undeclared identifier is reported only once for each function it appears in
make[1]: *** [CMakeFiles/cmTryCompileExec3710683279.dir/CheckSymbolExists.c.o] Error 1
make[1]: Leaving directory `/home/zhangmx/Wonderland/lib/Galois-2.2.1/build/CMakeFiles/CMakeTmp'
make: *** [cmTryCompileExec3710683279/fast] Error 2

File /home/zhangmx/Wonderland/lib/Galois-2.2.1/build/CMakeFiles/CMakeTmp/CheckSymbolExists.c:
/* */
#include <string.h>

int main(int argc, char** argv)
{
  (void)argv;
#ifndef strerror_s
  return ((int*)(&strerror_s))[argc];
#else
  (void)argc;
  return 0;
#endif
}

